<?xml version="1.0" encoding="UTF-8"?>
<!-- Generated by org.testng.reporters.JUnitXMLReporter -->
<testsuite ignored="0" hostname="ak1" failures="0" tests="2" name="Default test" time="36.2" errors="0" timestamp="2025-04-11T12:05:55 IST">
  <testcase classname="Intervue.io_Assignment.test_intervue.io.LoginTest" name="testLoginAndLogout" time="11.823"/>
  <testcase classname="Intervue.io_Assignment.test_intervue.io.LoginTest" name="testLoginAndLogout" time="12.694"/>
</testsuite> <!-- Default test -->
