<?xml version="1.0" encoding="UTF-8"?>
<testng-results ignored="0" total="2" passed="2" failed="0" skipped="0">
  <reporter-output>
  </reporter-output>
  <suite started-at="2025-04-11T12:05:18 IST" name="Default suite" finished-at="2025-04-11T12:05:55 IST" duration-ms="36200">
    <groups>
    </groups>
    <test started-at="2025-04-11T12:05:18 IST" name="Default test" finished-at="2025-04-11T12:05:55 IST" duration-ms="36200">
      <class name="Intervue.io_Assignment.test_intervue.io.LoginTest">
        <test-method is-config="true" signature="setup()[pri:0, instance:Intervue.io_Assignment.test_intervue.io.LoginTest@b9b00e0]" started-at="2025-04-11T12:05:19 IST" name="setup" finished-at="2025-04-11T12:05:24 IST" duration-ms="5544" status="PASS">
          <reporter-output>
          </reporter-output>
        </test-method> <!-- setup -->
        <test-method signature="testLoginAndLogout(java.lang.String,java.lang.String)[pri:0, instance:Intervue.io_Assignment.test_intervue.io.LoginTest@b9b00e0]" started-at="2025-04-11T12:05:24 IST" name="testLoginAndLogout" data-provider="loginData" finished-at="2025-04-11T12:05:36 IST" duration-ms="11823" status="PASS">
          <params>
            <param index="0">
              <value>
                <![CDATA[neha@intervue.io]]>
              </value>
            </param>
            <param index="1">
              <value>
                <![CDATA[Ps@neha@123]]>
              </value>
            </param>
          </params>
          <reporter-output>
          </reporter-output>
        </test-method> <!-- testLoginAndLogout -->
        <test-method is-config="true" signature="tearDown()[pri:0, instance:Intervue.io_Assignment.test_intervue.io.LoginTest@b9b00e0]" started-at="2025-04-11T12:05:36 IST" name="tearDown" finished-at="2025-04-11T12:05:37 IST" duration-ms="725" status="PASS">
          <reporter-output>
          </reporter-output>
        </test-method> <!-- tearDown -->
        <test-method is-config="true" signature="setup()[pri:0, instance:Intervue.io_Assignment.test_intervue.io.LoginTest@b9b00e0]" started-at="2025-04-11T12:05:37 IST" name="setup" finished-at="2025-04-11T12:05:41 IST" duration-ms="4410" status="PASS">
          <reporter-output>
          </reporter-output>
        </test-method> <!-- setup -->
        <test-method signature="testLoginAndLogout(java.lang.String,java.lang.String)[pri:0, instance:Intervue.io_Assignment.test_intervue.io.LoginTest@b9b00e0]" started-at="2025-04-11T12:05:41 IST" name="testLoginAndLogout" data-provider="loginData" finished-at="2025-04-11T12:05:54 IST" duration-ms="12694" status="PASS">
          <params>
            <param index="0">
              <value>
                <![CDATA[Akhil@gmail.com]]>
              </value>
            </param>
            <param index="1">
              <value>
                <![CDATA[Intervue.io]]>
              </value>
            </param>
          </params>
          <reporter-output>
          </reporter-output>
        </test-method> <!-- testLoginAndLogout -->
        <test-method is-config="true" signature="tearDown()[pri:0, instance:Intervue.io_Assignment.test_intervue.io.LoginTest@b9b00e0]" started-at="2025-04-11T12:05:54 IST" name="tearDown" finished-at="2025-04-11T12:05:55 IST" duration-ms="900" status="PASS">
          <reporter-output>
          </reporter-output>
        </test-method> <!-- tearDown -->
      </class> <!-- Intervue.io_Assignment.test_intervue.io.LoginTest -->
    </test> <!-- Default test -->
  </suite> <!-- Default suite -->
</testng-results>
